Extracting MNIST_data/train-images-idx3-ubyte.gz
Extracting MNIST_data/train-labels-idx1-ubyte.gz
Extracting MNIST_data/t10k-images-idx3-ubyte.gz
Extracting MNIST_data/t10k-labels-idx1-ubyte.gz
(1, 3, 3, 1)
weight.shape: (2, 2, 1, 1)
conv2d_img.shape: (1, 2, 2, 1)
[[12. 16.]
 [24. 28.]]
conv2d_img.shape: (1, 3, 3, 1)
[[12. 16.  9.]
 [24. 28. 15.]
 [15. 17.  9.]]
만약 필터를 여러개 쓰고 싶다면?
(1, 3, 3, 1)
weight.shape: (2, 2, 1, 3)
conv2d_img.shape: (3, 3, 3, 1)
[[12. 16.  9.]
 [24. 28. 15.]
 [15. 17.  9.]]
[[120. 160.  90.]
 [240. 280. 150.]
 [150. 170.  90.]]
[[-12. -16.  -9.]
 [-24. -28. -15.]
 [-15. -17.  -9.]]
이제 Pooling을 할 것.
pool.shape: (1, 2, 2, 1)
pool.eval(session=sess): [[[[4.]
   [3.]]

  [[2.]
   [1.]]]]
이제 실제 MNIST데이터에 적용.
W1: <tf.Variable 'Variable:0' shape=(3, 3, 1, 5) dtype=float32_ref>
conv2d: Tensor("Conv2D_3:0", shape=(1, 14, 14, 5), dtype=float32)
conv2d_img.shape: (5, 14, 14, 1)
이제 Pooling을 할 것.
pool: Tensor("MaxPool_1:0", shape=(1, 7, 7, 5), dtype=float32)
pool_img [[[[ 0.00000000e+00]
   [ 0.00000000e+00]
   [ 0.00000000e+00]
   [ 0.00000000e+00]
   [ 0.00000000e+00]
   [ 0.00000000e+00]
   [ 0.00000000e+00]]

  [[ 6.70362916e-03]
   [ 9.74966772e-03]
   [ 7.98403658e-03]
   [ 5.94815798e-03]
   [ 0.00000000e+00]
   [ 0.00000000e+00]
   [ 0.00000000e+00]]

  [[ 1.41444523e-02]
   [ 1.02567328e-02]
   [ 1.16149364e-02]
   [ 1.20227607e-02]
   [ 1.99750550e-02]
   [ 0.00000000e+00]
   [ 0.00000000e+00]]

  [[ 0.00000000e+00]
   [ 0.00000000e+00]
   [ 6.20692875e-03]
   [ 4.25038068e-03]
   [ 1.18989898e-02]
   [ 9.99211054e-03]
   [ 0.00000000e+00]]

  [[ 0.00000000e+00]
   [ 4.53106640e-03]
   [ 1.15758050e-02]
   [ 1.06127802e-02]
   [ 1.28360344e-02]
   [ 7.23108975e-03]
   [ 0.00000000e+00]]

  [[ 0.00000000e+00]
   [ 4.34958190e-03]
   [ 0.00000000e+00]
   [ 8.42056610e-03]
   [ 1.01855053e-02]
   [ 5.57473954e-03]
   [ 0.00000000e+00]]

  [[ 0.00000000e+00]
   [ 0.00000000e+00]
   [ 0.00000000e+00]
   [ 1.98197132e-03]
   [ 1.27052274e-02]
   [ 0.00000000e+00]
   [ 0.00000000e+00]]]


 [[[ 0.00000000e+00]
   [ 0.00000000e+00]
   [ 0.00000000e+00]
   [ 0.00000000e+00]
   [ 0.00000000e+00]
   [ 0.00000000e+00]
   [ 0.00000000e+00]]

  [[ 5.78578375e-03]
   [ 2.32648477e-02]
   [ 2.59404406e-02]
   [ 2.26453524e-02]
   [ 1.95719600e-02]
   [ 0.00000000e+00]
   [ 0.00000000e+00]]

  [[ 1.74793676e-02]
   [ 3.47953173e-03]
   [-2.67152395e-03]
   [-3.34909675e-03]
   [ 1.41603770e-02]
   [ 3.99935758e-03]
   [ 0.00000000e+00]]

  [[ 0.00000000e+00]
   [ 0.00000000e+00]
   [ 1.92899853e-02]
   [ 2.46243943e-02]
   [ 8.03577993e-03]
   [ 6.06394419e-03]
   [ 0.00000000e+00]]

  [[ 0.00000000e+00]
   [ 1.96519569e-02]
   [ 1.68689899e-02]
   [ 0.00000000e+00]
   [ 7.58682331e-03]
   [ 0.00000000e+00]
   [ 0.00000000e+00]]

  [[ 0.00000000e+00]
   [ 2.46444979e-04]
   [ 0.00000000e+00]
   [ 1.15861383e-03]
   [ 1.63015444e-02]
   [ 0.00000000e+00]
   [ 0.00000000e+00]]

  [[ 0.00000000e+00]
   [ 0.00000000e+00]
   [ 0.00000000e+00]
   [ 6.69146772e-04]
   [ 0.00000000e+00]
   [ 0.00000000e+00]
   [ 0.00000000e+00]]]


 [[[ 0.00000000e+00]
   [ 0.00000000e+00]
   [ 0.00000000e+00]
   [ 0.00000000e+00]
   [ 0.00000000e+00]
   [ 0.00000000e+00]
   [ 0.00000000e+00]]

  [[ 0.00000000e+00]
   [ 0.00000000e+00]
   [ 0.00000000e+00]
   [ 0.00000000e+00]
   [ 0.00000000e+00]
   [ 0.00000000e+00]
   [ 0.00000000e+00]]

  [[ 2.54728977e-04]
   [-1.03424434e-02]
   [-3.26224091e-03]
   [-3.26224091e-03]
   [-1.14209577e-02]
   [ 0.00000000e+00]
   [ 0.00000000e+00]]

  [[ 0.00000000e+00]
   [ 0.00000000e+00]
   [ 0.00000000e+00]
   [ 0.00000000e+00]
   [-2.86502466e-02]
   [ 0.00000000e+00]
   [ 0.00000000e+00]]

  [[ 0.00000000e+00]
   [ 1.35845947e-03]
   [-6.04078779e-03]
   [ 0.00000000e+00]
   [-1.75348148e-02]
   [ 2.85855087e-04]
   [ 0.00000000e+00]]

  [[ 0.00000000e+00]
   [ 0.00000000e+00]
   [ 0.00000000e+00]
   [ 0.00000000e+00]
   [-7.39576994e-03]
   [ 1.39708084e-03]
   [ 0.00000000e+00]]

  [[ 0.00000000e+00]
   [ 0.00000000e+00]
   [ 0.00000000e+00]
   [-5.66652625e-06]
   [ 5.56741215e-05]
   [ 0.00000000e+00]
   [ 0.00000000e+00]]]


 [[[ 0.00000000e+00]
   [ 0.00000000e+00]
   [ 0.00000000e+00]
   [ 0.00000000e+00]
   [ 0.00000000e+00]
   [ 0.00000000e+00]
   [ 0.00000000e+00]]

  [[ 0.00000000e+00]
   [ 0.00000000e+00]
   [ 0.00000000e+00]
   [ 0.00000000e+00]
   [ 1.90520543e-04]
   [ 0.00000000e+00]
   [ 0.00000000e+00]]

  [[ 4.62621171e-03]
   [-6.59933966e-03]
   [-2.02291296e-03]
   [-3.76551325e-04]
   [-5.75424638e-03]
   [ 1.90520543e-04]
   [ 0.00000000e+00]]

  [[ 0.00000000e+00]
   [ 0.00000000e+00]
   [ 0.00000000e+00]
   [ 0.00000000e+00]
   [-1.49519183e-02]
   [ 0.00000000e+00]
   [ 0.00000000e+00]]

  [[ 0.00000000e+00]
   [-3.82824987e-03]
   [-8.99695978e-03]
   [ 0.00000000e+00]
   [-1.36704622e-02]
   [ 0.00000000e+00]
   [ 0.00000000e+00]]

  [[ 0.00000000e+00]
   [ 4.90373059e-04]
   [ 0.00000000e+00]
   [ 0.00000000e+00]
   [-1.53405927e-02]
   [ 0.00000000e+00]
   [ 0.00000000e+00]]

  [[ 0.00000000e+00]
   [ 0.00000000e+00]
   [ 0.00000000e+00]
   [ 1.08971799e-04]
   [ 0.00000000e+00]
   [ 0.00000000e+00]
   [ 0.00000000e+00]]]


 [[[ 0.00000000e+00]
   [ 0.00000000e+00]
   [ 0.00000000e+00]
   [ 0.00000000e+00]
   [ 0.00000000e+00]
   [ 0.00000000e+00]
   [ 0.00000000e+00]]

  [[ 0.00000000e+00]
   [ 1.16051198e-03]
   [ 1.16051198e-03]
   [ 5.29800600e-04]
   [ 1.39612854e-02]
   [ 0.00000000e+00]
   [ 0.00000000e+00]]

  [[ 1.06970500e-02]
   [ 2.10731756e-03]
   [ 5.37418015e-03]
   [ 8.13171826e-03]
   [ 1.02254432e-02]
   [ 1.25743728e-02]
   [ 0.00000000e+00]]

  [[ 0.00000000e+00]
   [ 0.00000000e+00]
   [ 0.00000000e+00]
   [ 8.81663582e-04]
   [ 7.91529845e-03]
   [ 6.11326145e-03]
   [ 0.00000000e+00]]

  [[ 0.00000000e+00]
   [ 1.05944080e-02]
   [ 9.05636139e-03]
   [ 1.60887232e-03]
   [ 3.16910469e-03]
   [ 7.06174003e-04]
   [ 0.00000000e+00]]

  [[ 0.00000000e+00]
   [ 7.24381593e-04]
   [ 0.00000000e+00]
   [ 3.65150650e-03]
   [ 1.19316345e-02]
   [ 0.00000000e+00]
   [ 0.00000000e+00]]

  [[ 0.00000000e+00]
   [ 0.00000000e+00]
   [ 0.00000000e+00]
   [ 5.78711322e-03]
   [ 0.00000000e+00]
   [ 0.00000000e+00]
   [ 0.00000000e+00]]]]
