Extracting MNIST_data/train-images-idx3-ubyte.gz
Extracting MNIST_data/train-labels-idx1-ubyte.gz
Extracting MNIST_data/t10k-images-idx3-ubyte.gz
Extracting MNIST_data/t10k-labels-idx1-ubyte.gz
select option(All:0, softmax_cross_entropy_with_logits=1,NN=2,Xavier=3,Deep NN=4,Dropout=5): Softmax classifier for MNIST
Epoch: 1 cost: 6.022392436157583
Epoch: 2 cost: 1.7227073907852155
Epoch: 3 cost: 1.129012280269103
Epoch: 4 cost: 0.9057007424397902
Epoch: 5 cost: 0.7783425141193663
Epoch: 6 cost: 0.6931864581595768
Epoch: 7 cost: 0.6317907542532145
Epoch: 8 cost: 0.5848815601793204
Epoch: 9 cost: 0.5475016472014511
Epoch: 10 cost: 0.517705008739775
Epoch: 11 cost: 0.492227251434868
Epoch: 12 cost: 0.4709813575988463
Epoch: 13 cost: 0.45328654286536324
Epoch: 14 cost: 0.43765871637246817
Epoch: 15 cost: 0.42303406686945416
Epoch: 16 cost: 0.4108609264547169
Epoch: 17 cost: 0.400096172283996
Epoch: 18 cost: 0.38970916341651585
Epoch: 19 cost: 0.38115377145734686
Epoch: 20 cost: 0.3732533037662506
Epoch: 21 cost: 0.36549669046293604
Epoch: 22 cost: 0.35848036496476715
Epoch: 23 cost: 0.35201996888626685
Epoch: 24 cost: 0.34612511812285984
Epoch: 25 cost: 0.34090590422803707
Epoch: 26 cost: 0.3359948272732169
Epoch: 27 cost: 0.33129008228128626
Epoch: 28 cost: 0.32691135818308065
Epoch: 29 cost: 0.3228701836277139
Epoch: 30 cost: 0.3187292715907096
Epoch: 31 cost: 0.31532570605928206
Epoch: 32 cost: 0.31201651634140454
Epoch: 33 cost: 0.3085663203691893
Epoch: 34 cost: 0.3053437545489179
Epoch: 35 cost: 0.3025945570794021
Epoch: 36 cost: 0.30008994302966363
Epoch: 37 cost: 0.2971507045762103
Epoch: 38 cost: 0.2942079535397617
Epoch: 39 cost: 0.29200672237710495
Epoch: 40 cost: 0.28985050447962507
Epoch: 41 cost: 0.2882582934539426
Epoch: 42 cost: 0.2851808773387564
Epoch: 43 cost: 0.28389276445589295
Epoch: 44 cost: 0.28134051784873015
Epoch: 45 cost: 0.27999597168781537
Epoch: 46 cost: 0.2782402097095138
Epoch: 47 cost: 0.27600730650804267
Epoch: 48 cost: 0.27514194382185286
Epoch: 49 cost: 0.2734708269346846
Epoch: 50 cost: 0.2721664462170815
Learning Finished!
Cross_entropy Acc: 0.9159
answer: [8]
NN for MNIST
Epoch: 1 cost: 161.72638584136962
Epoch: 2 cost: 40.979617722251156
Epoch: 3 cost: 25.476750933040258
Epoch: 4 cost: 17.659415225200835
Epoch: 5 cost: 12.75753458366474
Epoch: 6 cost: 9.27741645990819
Epoch: 7 cost: 6.938394882024735
Epoch: 8 cost: 5.183204677422596
Epoch: 9 cost: 3.8182276558136614
Epoch: 10 cost: 2.8868738591988032
Epoch: 11 cost: 2.143472245493403
Epoch: 12 cost: 1.584207216118041
Epoch: 13 cost: 1.2166206904868289
Epoch: 14 cost: 1.0003607696964674
Epoch: 15 cost: 0.7392313945984716
Learning Finished!
NN Acc: 0.9457
answer: [0]
Xavier for MNIST
Epoch: 1 cost: 0.30857793850654885
Epoch: 2 cost: 0.11183086199177947
Epoch: 3 cost: 0.07515235054560687
Epoch: 4 cost: 0.05468597351234743
Epoch: 5 cost: 0.04040241835723547
Epoch: 6 cost: 0.034160911587744265
Epoch: 7 cost: 0.026540871628306126
Epoch: 8 cost: 0.021852529156233435
Epoch: 9 cost: 0.018190211711493733
Epoch: 10 cost: 0.015625036877781075
Epoch: 11 cost: 0.012251493518970986
Epoch: 12 cost: 0.012790152681964985
Epoch: 13 cost: 0.010933268088715115
Epoch: 14 cost: 0.008636243324485392
Epoch: 15 cost: 0.010580160829095714
Learning Finished!
Xavier Acc: 0.9722
answer: [2]
Deep NN for MNIST
